<?xml version="1.0" encoding="UTF-8"?>
<!-- Generated by org.testng.reporters.JUnitReportReporter -->
<testsuite skipped="0" hostname="RAMESH-PC" name="testcases.TC0013_CreateLead" tests="2" failures="0" timestamp="03 Jun 2018 07:23:45 GMT" time="78.035" errors="0">
  <testcase name="loginAndLogout" time="37.469" classname="testcases.TC0013_CreateLead"/>
  <testcase name="loginAndLogout" time="40.566" classname="testcases.TC0013_CreateLead"/>
</testsuite> <!-- testcases.TC0013_CreateLead -->
